Start Benchmark...0
Benchmark: Create Working Dir...1.0461
Benchmark: Replace Variables...1.0826
[ENCODING]
Benchmark: Remove BOM...1.1136
[FILE ENDINGS]
	removing \r from file: C:\Users\Jeffrey\AppData\Local\Temp/com.guilded.gms.game.wow/files/lib/system/game/item/tooltip/WowGameItemTooltip.class.php
	removing \r from file: C:\Users\Jeffrey\AppData\Local\Temp/com.guilded.gms.game.wow/files/style/game-wow.less
Benchmark: Remove New Lines...1.1583
[DEBUG CODE]
Benchmark: Check Debug Code...1.1956
[SYNTAX]
Benchmark: Check PHP Syntax...1.4338
[CODE SNIFFER] (WCF)

FILE: ...d.gms.game.wow\files\lib\system\dashboard\GnitterDashboardBox.class.php
--------------------------------------------------------------------------------
FOUND 0 ERROR(S) AND 1 WARNING(S) AFFECTING 1 LINE(S)
--------------------------------------------------------------------------------
 56 | WARNING | Comment refers to a TODO task "get entries from rss feed
    |         | (CacheBuilder"
--------------------------------------------------------------------------------


FILE: ...d.gms.game.wow\files\lib\system\game\provider\WowGameProvider.class.php
--------------------------------------------------------------------------------
FOUND 2 ERROR(S) AND 1 WARNING(S) AFFECTING 3 LINE(S)
--------------------------------------------------------------------------------
 109 | WARNING | Comment refers to a TODO task "add us/kr/"
 123 | ERROR   | Doc comment for "$url" missing
 131 | ERROR   | File must end with a newline character
--------------------------------------------------------------------------------


FILE: ...u\character\profile\content\WOWPvPCharacterProfileMenuContent.class.php
--------------------------------------------------------------------------------
FOUND 1 ERROR(S) AFFECTING 1 LINE(S)
--------------------------------------------------------------------------------
 6 | ERROR | Missing class doc comment
--------------------------------------------------------------------------------

Benchmark: Perform CodeSniffer...1.8548
[LANGUAGE FILES]
Benchmark: Run Script...4.0703
Benchmark: Copying Package to Working Directory...4.1126
